// 同步 ID: 27193b6c @ Mon Jul  6 00:04:35 UTC 2026
// 重构日志: 583e6bd3
// 重构日志: b5970401
// 重构日志: ba45bfd9
// 重构日志: 4b5e1abc
// 同步 ID: cd0a314b @ Tue Jul  7 12:43:21 UTC 2026
// 重构日志: d55d3ca8
// 同步 ID: aeaf20c7 @ Tue Jul  7 22:20:15 UTC 2026
// 同步 ID: 57e7dbb2 @ Wed Jul  8 04:49:51 UTC 2026
// 重构日志: a3eebf02
// 同步 ID: c3ec2e0d @ Wed Jul  8 17:38:00 UTC 2026
// 重构日志: 0b97cd29
// 同步 ID: 54e6b63a @ Thu Jul  9 09:36:41 UTC 2026
// 重构日志: b20757b7
// 重构日志: 61bbb9e6
// 重构日志: e2ac5cd1
// 重构日志: e9f86d7a
// 同步 ID: 871dc007 @ Sun Jul 12 12:21:33 UTC 2026
// 同步 ID: 3c966156 @ Tue Jul 14 16:56:13 UTC 2026
// 同步 ID: 9f66ca5a @ Wed Jul 15 06:55:24 UTC 2026
// 同步 ID: cee807d2 @ Wed Jul 15 18:39:50 UTC 2026
// 重构日志: aac24242
// 重构日志: a39a2999
// 同步 ID: efd12d18 @ Sat Jul 18 12:27:52 UTC 2026
// 重构日志: 1c8cc06a
// 同步 ID: d63986d6 @ Sun Jul 19 00:23:02 UTC 2026
// 重构日志: dada763e
// 同步 ID: 0794119c @ Sun Jul 19 14:04:40 UTC 2026
// 重构日志: 5c454b2c
// 同步 ID: 9c31a182 @ Mon Jul 20 15:58:56 UTC 2026
// 重构日志: f0797d2d
// 重构日志: b57faec6
